<?xml version="1.0" encoding="UTF-8"?>
<testng-results skipped="0" failed="0" ignored="0" total="2" passed="2">
  <reporter-output>
  </reporter-output>
  <suite name="BugSuite" duration-ms="27" started-at="2021-06-26T03:39:15Z" finished-at="2021-06-26T03:39:15Z">
    <groups>
      <group name="bugprofile">
        <method signature="SimpleTest.test1()[pri:0, instance:Tests.SimpleTest@5c7fa833]" name="test1" class="Tests.SimpleTest"/>
        <method signature="SimpleTest.test2()[pri:0, instance:Tests.SimpleTest@5c7fa833]" name="test2" class="Tests.SimpleTest"/>
      </group> <!-- bugprofile -->
    </groups>
    <test name="BugTest" duration-ms="27" started-at="2021-06-26T03:39:15Z" finished-at="2021-06-26T03:39:15Z">
      <class name="Tests.SimpleTest">
        <test-method status="PASS" signature="test1()[pri:0, instance:Tests.SimpleTest@5c7fa833]" name="test1" duration-ms="10" started-at="2021-06-26T09:09:15Z" finished-at="2021-06-26T09:09:15Z">
          <reporter-output>
          </reporter-output>
        </test-method> <!-- test1 -->
        <test-method status="PASS" signature="test2()[pri:0, instance:Tests.SimpleTest@5c7fa833]" name="test2" duration-ms="1" started-at="2021-06-26T09:09:15Z" finished-at="2021-06-26T09:09:15Z">
          <reporter-output>
          </reporter-output>
        </test-method> <!-- test2 -->
      </class> <!-- Tests.SimpleTest -->
    </test> <!-- BugTest -->
  </suite> <!-- BugSuite -->
</testng-results>
